0 info it worked if it ends with ok
1 verbose cli [ 'c:\\Program Files (x86)\\nodejs\\node.exe',
1 verbose cli   'c:\\Program Files (x86)\\nodejs\\node_modules\\npm\\bin\\npm-cli.js',
1 verbose cli   'install',
1 verbose cli   'http://code.jquery.com/jquery-1.11.3.js' ]
2 info using npm@1.4.9
3 info using node@v0.10.28
4 warn package.json @ No description
5 warn package.json @ No repository field.
6 warn package.json @ No README data
7 verbose readDependencies using package.json deps
8 verbose cache add [ 'http://code.jquery.com/jquery-1.11.3.js', null ]
9 verbose cache add name=undefined spec="http://code.jquery.com/jquery-1.11.3.js" args=["http://code.jquery.com/jquery-1.11.3.js",null]
10 verbose parsed url { protocol: 'http:',
10 verbose parsed url   slashes: true,
10 verbose parsed url   auth: null,
10 verbose parsed url   host: 'code.jquery.com',
10 verbose parsed url   port: null,
10 verbose parsed url   hostname: 'code.jquery.com',
10 verbose parsed url   hash: null,
10 verbose parsed url   search: null,
10 verbose parsed url   query: null,
10 verbose parsed url   pathname: '/jquery-1.11.3.js',
10 verbose parsed url   path: '/jquery-1.11.3.js',
10 verbose parsed url   href: 'http://code.jquery.com/jquery-1.11.3.js' }
11 silly lockFile 9069d824-code-jquery-com-jquery-1-11-3-js http://code.jquery.com/jquery-1.11.3.js
12 verbose lock http://code.jquery.com/jquery-1.11.3.js C:\Users\obiwankenobi\AppData\Roaming\npm-cache\9069d824-code-jquery-com-jquery-1-11-3-js.lock
13 verbose addRemoteTarball [ 'http://code.jquery.com/jquery-1.11.3.js', null ]
14 info retry fetch attempt 1 at 21:53:43
15 verbose fetch to= C:\Users\OBIWAN~1\AppData\Local\Temp\npm-10436-w3qOBouv\1439348023396-0.2785575510933995\tmp.tgz
16 http GET http://code.jquery.com/jquery-1.11.3.js
17 http 200 http://code.jquery.com/jquery-1.11.3.js
18 verbose tar unpack C:\Users\OBIWAN~1\AppData\Local\Temp\npm-10436-w3qOBouv\1439348023396-0.2785575510933995\tmp.tgz
19 silly lockFile 7c5fe67e-91f034728tmp-3dc7bd7a328apackage tar://C:\Users\obiwankenobi\AppData\Roaming\npm-cache\tmp_c5791f034728tmp_3dc7bd7a328apackage
20 verbose lock tar://C:\Users\obiwankenobi\AppData\Roaming\npm-cache\tmp_c5791f034728tmp_3dc7bd7a328apackage C:\Users\obiwankenobi\AppData\Roaming\npm-cache\7c5fe67e-91f034728tmp-3dc7bd7a328apackage.lock
21 silly lockFile 3c8107a7-23396-0-2785575510933995-tmp-tgz tar://C:\Users\OBIWAN~1\AppData\Local\Temp\npm-10436-w3qOBouv\1439348023396-0.2785575510933995\tmp.tgz
22 verbose lock tar://C:\Users\OBIWAN~1\AppData\Local\Temp\npm-10436-w3qOBouv\1439348023396-0.2785575510933995\tmp.tgz C:\Users\obiwankenobi\AppData\Roaming\npm-cache\3c8107a7-23396-0-2785575510933995-tmp-tgz.lock
23 silly gunzTarPerm modes [ '755', '644' ]
24 error not a package C:\Users\OBIWAN~1\AppData\Local\Temp\npm-10436-w3qOBouv\1439348023396-0.2785575510933995\tmp.tgz
25 silly lockFile 7c5fe67e-91f034728tmp-3dc7bd7a328apackage tar://C:\Users\obiwankenobi\AppData\Roaming\npm-cache\tmp_c5791f034728tmp_3dc7bd7a328apackage
26 silly lockFile 7c5fe67e-91f034728tmp-3dc7bd7a328apackage tar://C:\Users\obiwankenobi\AppData\Roaming\npm-cache\tmp_c5791f034728tmp_3dc7bd7a328apackage
27 silly lockFile 3c8107a7-23396-0-2785575510933995-tmp-tgz tar://C:\Users\OBIWAN~1\AppData\Local\Temp\npm-10436-w3qOBouv\1439348023396-0.2785575510933995\tmp.tgz
28 silly lockFile 3c8107a7-23396-0-2785575510933995-tmp-tgz tar://C:\Users\OBIWAN~1\AppData\Local\Temp\npm-10436-w3qOBouv\1439348023396-0.2785575510933995\tmp.tgz
29 silly lockFile 9069d824-code-jquery-com-jquery-1-11-3-js http://code.jquery.com/jquery-1.11.3.js
30 silly lockFile 9069d824-code-jquery-com-jquery-1-11-3-js http://code.jquery.com/jquery-1.11.3.js
31 error Error: ENOENT, open 'C:\Users\obiwankenobi\AppData\Roaming\npm-cache\tmp_c5791f034728tmp_3dc7bd7a328apackage\package.json'
32 error If you need help, you may report this *entire* log,
32 error including the npm and node versions, at:
32 error     <http://github.com/npm/npm/issues>
33 error System Windows_NT 6.2.9200
34 error command "c:\\Program Files (x86)\\nodejs\\node.exe" "c:\\Program Files (x86)\\nodejs\\node_modules\\npm\\bin\\npm-cli.js" "install" "http://code.jquery.com/jquery-1.11.3.js"
35 error cwd c:\Users\obiwankenobi\WORK\promise_v2
36 error node -v v0.10.28
37 error npm -v 1.4.9
38 error path C:\Users\obiwankenobi\AppData\Roaming\npm-cache\tmp_c5791f034728tmp_3dc7bd7a328apackage\package.json
39 error code ENOENT
40 error errno 34
41 verbose exit [ 34, true ]
